<?xml version="1.0" encoding="UTF-8"?>
<!-- Generated by org.testng.reporters.JUnitXMLReporter -->
<testsuite ignored="3" hostname="Lalithas-MacBook-Air.local" failures="3" tests="3" name="Group test" time="0.096" errors="0" timestamp="2021-06-15T21:50:26 PDT">
  <testcase classname="Group1.GroupMethod" name="dataproviderSearch" time="0.019">
    <failure type="java.lang.NullPointerException" message="Cannot invoke &amp;quot;org.openqa.selenium.WebDriver.findElement(org.openqa.selenium.By)&amp;quot; because &amp;quot;this.driver&amp;quot; is null">
      <![CDATA[java.lang.NullPointerException: Cannot invoke "org.openqa.selenium.WebDriver.findElement(org.openqa.selenium.By)" because "this.driver" is null
at Group1.Group1.sear(Group1.java:34)
at Group1.GroupMethod.dataproviderSearch(GroupMethod.java:56)
at java.base/java.util.ArrayList.forEach(ArrayList.java:1511)
... Removed 27 stack frames]]>
    </failure>
  </testcase> <!-- dataproviderSearch -->
  <testcase classname="Group1.GroupMethod" name="dataproviderSearch" time="0.001">
    <failure type="java.lang.NullPointerException" message="Cannot invoke &amp;quot;org.openqa.selenium.WebDriver.findElement(org.openqa.selenium.By)&amp;quot; because &amp;quot;this.driver&amp;quot; is null">
      <![CDATA[java.lang.NullPointerException: Cannot invoke "org.openqa.selenium.WebDriver.findElement(org.openqa.selenium.By)" because "this.driver" is null
at Group1.Group1.sear(Group1.java:34)
at Group1.GroupMethod.dataproviderSearch(GroupMethod.java:56)
at java.base/java.util.ArrayList.forEach(ArrayList.java:1511)
... Removed 27 stack frames]]>
    </failure>
  </testcase> <!-- dataproviderSearch -->
  <testcase classname="Group1.GroupMethod" name="dataproviderSearch" time="0.001">
    <failure type="java.lang.NullPointerException" message="Cannot invoke &amp;quot;org.openqa.selenium.WebDriver.findElement(org.openqa.selenium.By)&amp;quot; because &amp;quot;this.driver&amp;quot; is null">
      <![CDATA[java.lang.NullPointerException: Cannot invoke "org.openqa.selenium.WebDriver.findElement(org.openqa.selenium.By)" because "this.driver" is null
at Group1.Group1.sear(Group1.java:34)
at Group1.GroupMethod.dataproviderSearch(GroupMethod.java:56)
at java.base/java.util.ArrayList.forEach(ArrayList.java:1511)
... Removed 27 stack frames]]>
    </failure>
  </testcase> <!-- dataproviderSearch -->
  <testcase classname="Group1.GroupMethod" name="searc" time="0.0">
    <ignored/>
  </testcase> <!-- searc -->
  <testcase classname="Group1.GroupMethod" name="searc1" time="0.0">
    <ignored/>
  </testcase> <!-- searc1 -->
  <testcase classname="Group1.GroupMethod" name="click" time="0.0">
    <ignored/>
  </testcase> <!-- click -->
</testsuite> <!-- Group test -->
