<?xml version="1.0" encoding="UTF-8"?>
<testng-results ignored="0" total="3" passed="3" failed="0" skipped="0">
  <reporter-output>
  </reporter-output>
  <suite started-at="2021-05-25T18:33:41 PDT" name="Default suite" finished-at="2021-05-25T18:33:41 PDT" duration-ms="66">
    <groups>
    </groups>
    <test started-at="2021-05-25T18:33:41 PDT" name="Default test" finished-at="2021-05-25T18:33:41 PDT" duration-ms="66">
      <class name="com.selenium.testNG.First_TestNG">
        <test-method signature="login()[pri:0, instance:com.selenium.testNG.First_TestNG@ba8d91c]" started-at="2021-05-25T18:33:41 PDT" name="login" finished-at="2021-05-25T18:33:41 PDT" duration-ms="11" status="PASS">
          <reporter-output>
          </reporter-output>
        </test-method> <!-- login -->
        <test-method signature="setup()[pri:0, instance:com.selenium.testNG.First_TestNG@ba8d91c]" started-at="2021-05-25T18:33:41 PDT" name="setup" finished-at="2021-05-25T18:33:41 PDT" duration-ms="4" status="PASS">
          <reporter-output>
          </reporter-output>
        </test-method> <!-- setup -->
        <test-method signature="teardown()[pri:0, instance:com.selenium.testNG.First_TestNG@ba8d91c]" started-at="2021-05-25T18:33:41 PDT" name="teardown" finished-at="2021-05-25T18:33:41 PDT" duration-ms="2" status="PASS">
          <reporter-output>
          </reporter-output>
        </test-method> <!-- teardown -->
      </class> <!-- com.selenium.testNG.First_TestNG -->
    </test> <!-- Default test -->
  </suite> <!-- Default suite -->
</testng-results>
