<?xml version="1.0" encoding="UTF-8"?>
<!-- Generated by org.testng.reporters.JUnitXMLReporter -->
<testsuite ignored="0" hostname="Lalithas-MacBook-Air.local" failures="0" tests="3" name="Default test" time="0.066" errors="0" timestamp="2021-05-25T18:33:41 PDT">
  <testcase classname="com.selenium.testNG.First_TestNG" name="login" time="0.011"/>
  <testcase classname="com.selenium.testNG.First_TestNG" name="setup" time="0.004"/>
  <testcase classname="com.selenium.testNG.First_TestNG" name="teardown" time="0.002"/>
</testsuite> <!-- Default test -->
