<?xml version="1.0" encoding="UTF-8"?>
<!-- Generated by org.testng.reporters.JUnitXMLReporter -->
<testsuite ignored="2" hostname="Lalithas-MacBook-Air.local" failures="0" tests="2" name="Group1_Firefox" time="19.059" errors="0" timestamp="2021-06-16T18:24:13 PDT">
  <testcase classname="Group1.Group1Method" name="searc1" time="0.325"/>
  <testcase classname="Group1.Group1Method" name="click" time="3.414"/>
  <testcase classname="Group1.Group1Method" name="searc" time="0.0">
    <ignored/>
  </testcase> <!-- searc -->
  <testcase classname="Group1.Group1Method" name="dataproviderSearch" time="0.0">
    <ignored/>
  </testcase> <!-- dataproviderSearch -->
</testsuite> <!-- Group1_Firefox -->
