<?xml version="1.0" encoding="UTF-8"?>
<!-- Generated by org.testng.reporters.JUnitXMLReporter -->
<testsuite ignored="2" hostname="Lalithas-MacBook-Air.local" failures="0" tests="2" name="Group1_Edge" time="40.674" errors="0" timestamp="2021-06-16T18:25:00 PDT">
  <testcase classname="Group1.Group1Method" name="searc" time="9.033"/>
  <testcase classname="Group1.Group1Method" name="click" time="18.124"/>
  <testcase classname="Group1.Group1Method" name="dataproviderSearch" time="0.0">
    <ignored/>
  </testcase> <!-- dataproviderSearch -->
  <testcase classname="Group1.Group1Method" name="searc1" time="0.0">
    <ignored/>
  </testcase> <!-- searc1 -->
</testsuite> <!-- Group1_Edge -->
