<?xml version="1.0" encoding="UTF-8"?>
<!-- Generated by org.testng.reporters.JUnitXMLReporter -->
<testsuite ignored="1" hostname="Lalithas-MacBook-Air.local" failures="0" tests="2" name="Group Test" time="32.176" errors="0" timestamp="2021-06-14T22:53:55 PDT">
  <testcase classname="Group1.GroupMethod" name="searc" time="6.936"/>
  <testcase classname="Group1.GroupMethod" name="click" time="8.345"/>
  <testcase classname="Group1.GroupMethod" name="searc1" time="0.0">
    <ignored/>
  </testcase> <!-- searc1 -->
</testsuite> <!-- Group Test -->
