<?xml version="1.0" encoding="UTF-8"?>
<!-- Generated by org.testng.reporters.JUnitXMLReporter -->
<testsuite ignored="0" hostname="Lalithas-MacBook-Air.local" failures="0" tests="3" name="Default test" time="23.608" errors="0" timestamp="2021-10-11T14:00:43 PDT">
  <testcase classname="pageObjects.Buganizer_Test" name="ch" time="3.395"/>
  <testcase classname="pageObjects.Buganizer_Test" name="ch1" time="2.79"/>
  <testcase classname="pageObjects.Buganizer_Test" name="ch2" time="0.06"/>
</testsuite> <!-- Default test -->
