<?xml version="1.0" encoding="UTF-8"?>
<!-- Generated by org.testng.reporters.JUnitXMLReporter -->
<testsuite ignored="0" hostname="Lalithas-MacBook-Air.local" failures="0" tests="10" name="Opencart_test" time="17.676" errors="0" timestamp="2021-06-22T21:54:44 PDT">
  <testcase classname="Opencart_All.Opencart_test" name="account_Reg" time="0.425"/>
  <testcase classname="Opencart_All.Opencart_test" name="register" time="0.865"/>
  <testcase classname="Opencart_All.Opencart_test" name="fName" time="0.244"/>
  <testcase classname="Opencart_All.Opencart_test" name="lName" time="0.073"/>
  <testcase classname="Opencart_All.Opencart_test" name="email" time="0.079"/>
  <testcase classname="Opencart_All.Opencart_test" name="teleph" time="0.206"/>
  <testcase classname="Opencart_All.Opencart_test" name="pass" time="0.117"/>
  <testcase classname="Opencart_All.Opencart_test" name="check_Box" time="0.31"/>
  <testcase classname="Opencart_All.Opencart_test" name="pass_Confirm" time="0.118"/>
  <testcase classname="Opencart_All.Opencart_test" name="con" time="0.899"/>
</testsuite> <!-- Opencart_test -->
