<?xml version="1.0" encoding="UTF-8"?>
<!-- Generated by org.testng.reporters.JUnitXMLReporter -->
<testsuite ignored="0" hostname="Lalithas-MacBook-Air.local" failures="0" tests="5" name="POM_test" time="15.654" errors="0" timestamp="2021-06-02T22:20:53 PDT">
  <testcase classname="pom.POM_test" name="testLogo" time="0.15"/>
  <testcase classname="pom.POM_test" name="user" time="0.321"/>
  <testcase classname="pom.POM_test" name="pass" time="0.127"/>
  <testcase classname="pom.POM_test" name="click" time="0.357"/>
  <testcase classname="pom.POM_test" name="closes" time="1.097"/>
</testsuite> <!-- POM_test -->
